<?xml version="1.0" encoding="UTF-8"?>
<!-- Generated by org.testng.reporters.JUnitReportReporter -->
<testsuite hostname="DESKTOP-EMD0UOQ" failures="0" tests="3" name="baiscs.WebTest" time="0.002" errors="0" timestamp="2020-08-14T01:28:40 IST" skipped="0">
  <testcase classname="baiscs.WebTest" name="webbrowserinternetexplorer" time="0.001"/>
  <testcase classname="baiscs.WebTest" name="webbrowsermozillafirefox" time="0.001"/>
  <testcase classname="baiscs.WebTest" name="webbrowsergoogle" time="0.000"/>
</testsuite> <!-- baiscs.WebTest -->
