<?xml version="1.0" encoding="UTF-8"?>
<!-- Generated by org.testng.reporters.JUnitReportReporter -->
<testsuite hostname="DESKTOP-EMD0UOQ" failures="0" tests="3" name="baiscs.RestAPITest" time="0.001" errors="0" timestamp="2020-08-14T01:28:40 IST" skipped="0">
  <testcase classname="baiscs.RestAPITest" name="Apifirefox" time="0.001"/>
  <testcase classname="baiscs.RestAPITest" name="Apichrome" time="0.000"/>
  <testcase classname="baiscs.RestAPITest" name="Apiie" time="0.000"/>
</testsuite> <!-- baiscs.RestAPITest -->
