<?xml version="1.0" encoding="UTF-8"?>
<!-- Generated by org.testng.reporters.JUnitReportReporter -->
<testsuite hostname="DESKTOP-EMD0UOQ" failures="0" tests="3" name="baiscs.AppiumTest" time="0.013" errors="0" timestamp="2020-08-14T01:28:40 IST" skipped="0">
  <testcase classname="baiscs.AppiumTest" name="mobilebrowserfirefox" time="0.001"/>
  <testcase classname="baiscs.AppiumTest" name="mobilebrowserinternetexplorer" time="0.001"/>
  <testcase classname="baiscs.AppiumTest" name="mobilebrowserchrome" time="0.011"/>
</testsuite> <!-- baiscs.AppiumTest -->
