<?xml version="1.0" encoding="UTF-8"?>
<!-- Generated by org.testng.reporters.JUnitReportReporter -->
<testsuite hostname="DESKTOP-EMD0UOQ" failures="0" tests="3" name="baiscs.AppiumTest" time="0.030" errors="0" timestamp="2020-08-14T01:26:11 IST" skipped="0">
  <testcase classname="baiscs.AppiumTest" name="mobilebrowserchrome" time="0.019"/>
  <testcase classname="baiscs.AppiumTest" name="mobilebrowserfirefox" time="0.006"/>
  <testcase classname="baiscs.AppiumTest" name="mobilebrowserinternetexplorer" time="0.005"/>
</testsuite> <!-- baiscs.AppiumTest -->
